[2018-04-16 08:51:47]  [ main:0 ] - [ INFO ]  当前页面存在元素：By.id: txtUser
[2018-04-16 08:52:43]  [ main:0 ] - [ INFO ]  当前页面存在元素：By.id: txtUser
[2018-04-16 08:54:22]  [ main:0 ] - [ INFO ]  当前页面存在元素：By.id: txtUser
[2018-04-16 08:54:49]  [ main:0 ] - [ INFO ]  当前页面存在元素：By.id: txtUser
[2018-04-16 08:55:16]  [ main:0 ] - [ DEBUG ]  查看错误截图：
[2018-04-16 08:56:58]  [ main:0 ] - [ DEBUG ]  查看错误截图：
[2018-04-16 08:57:50]  [ main:0 ] - [ DEBUG ]  查看错误截图：
[2018-04-16 08:59:33]  [ main:0 ] - [ DEBUG ]  查看错误截图：
[2018-04-16 09:02:03]  [ main:0 ] - [ DEBUG ]  查看错误截图：
[2018-04-16 09:02:35]  [ main:0 ] - [ DEBUG ]  查看错误截图：
[2018-04-16 09:05:08]  [ main:0 ] - [ DEBUG ]  元素不存在：txtUser
[2018-04-16 09:05:09]  [ main:714 ] - [ DEBUG ]  元素不存在：txtUser
[2018-04-16 09:05:10]  [ main:1243 ] - [ DEBUG ]  元素不存在：txtUser
[2018-04-16 09:05:10]  [ main:1758 ] - [ DEBUG ]  元素不存在：txtUser
[2018-04-16 09:05:11]  [ main:2294 ] - [ DEBUG ]  元素不存在：txtUser
[2018-04-16 09:05:11]  [ main:2793 ] - [ DEBUG ]  元素不存在：txtUser
[2018-04-16 09:05:12]  [ main:3324 ] - [ DEBUG ]  元素不存在：txtUser
[2018-04-16 09:07:58]  [ main:0 ] - [ DEBUG ]  元素不存在：txtUser
[2018-04-16 09:07:58]  [ main:572 ] - [ DEBUG ]  元素不存在：txtUser
[2018-04-16 09:07:59]  [ main:1165 ] - [ DEBUG ]  元素不存在：txtUser
[2018-04-16 09:07:59]  [ main:1638 ] - [ DEBUG ]  元素不存在：txtUser
[2018-04-16 09:08:00]  [ main:2140 ] - [ DEBUG ]  元素不存在：txtUser
[2018-04-16 09:08:00]  [ main:2656 ] - [ DEBUG ]  元素不存在：txtUser
[2018-04-16 09:08:01]  [ main:3185 ] - [ DEBUG ]  元素不存在：txtUser
[2018-04-16 09:09:10]  [ main:0 ] - [ DEBUG ]  元素不存在：txtUser
[2018-04-16 09:09:11]  [ main:556 ] - [ DEBUG ]  元素不存在：txtUser
[2018-04-16 09:09:11]  [ main:1062 ] - [ DEBUG ]  元素不存在：txtUser
[2018-04-16 09:09:12]  [ main:1579 ] - [ DEBUG ]  元素不存在：txtUser
[2018-04-16 09:09:12]  [ main:2081 ] - [ DEBUG ]  元素不存在：txtUser
[2018-04-16 09:09:13]  [ main:2590 ] - [ DEBUG ]  元素不存在：txtUser
[2018-04-16 09:09:13]  [ main:3088 ] - [ DEBUG ]  元素不存在：txtUser
[2018-04-16 09:11:13]  [ main:0 ] - [ INFO ]  输入用户名：15000345819
[2018-04-16 09:11:13]  [ main:88 ] - [ INFO ]  输入密码：a521yulan
[2018-04-16 09:18:10]  [ main:0 ] - [ INFO ]  输入用户名：15000345819
[2018-04-16 09:18:11]  [ main:86 ] - [ INFO ]  输入密码：a521yulan
[2018-04-16 09:20:26]  [ main:0 ] - [ INFO ]  输入用户名：15000345819
[2018-04-16 09:20:48]  [ main:22090 ] - [ INFO ]  输入密码：a521yulan
[2018-04-16 09:45:35]  [ main:0 ] - [ INFO ]  输入用户名：15000345819
[2018-04-16 09:45:36]  [ main:95 ] - [ INFO ]  输入密码：a521yulan
[2018-04-16 09:45:40]  [ main:4933 ] - [ INFO ]  点击登录按钮：
[2018-04-16 09:45:45]  [ main:9981 ] - [ DEBUG ]  未找到注册按钮：验证是否进入成功
[2018-04-16 09:46:54]  [ main:0 ] - [ INFO ]  输入用户名：15000345819
[2018-04-16 09:46:54]  [ main:102 ] - [ INFO ]  输入密码：a521yulan
[2018-04-16 09:46:59]  [ main:5000 ] - [ INFO ]  点击登录按钮：
[2018-04-16 09:47:04]  [ main:10033 ] - [ DEBUG ]  未找到注册按钮：验证是否进入成功
[2018-04-16 09:52:36]  [ main:0 ] - [ INFO ]  输入用户名：15000345819
[2018-04-16 09:52:42]  [ main:5623 ] - [ INFO ]  输入密码：a521yulan
[2018-04-16 09:52:49]  [ main:12501 ] - [ INFO ]  点击登录按钮：
[2018-04-16 09:53:00]  [ main:23577 ] - [ DEBUG ]  未找到注册按钮：验证是否进入成功
[2018-04-16 10:03:53]  [ main:0 ] - [ INFO ]  输入用户名：15000345819
[2018-04-16 10:03:56]  [ main:2730 ] - [ INFO ]  输入密码：a521yulan
[2018-04-16 10:04:04]  [ main:10609 ] - [ INFO ]  点击登录按钮：
[2018-04-16 10:04:18]  [ main:24520 ] - [ DEBUG ]  未找到注册按钮：验证是否进入成功
[2018-04-16 10:07:54]  [ main:0 ] - [ INFO ]  输入用户名：15000345819
[2018-04-16 10:07:54]  [ main:92 ] - [ INFO ]  输入密码：a521yulan
[2018-04-16 10:07:59]  [ main:5138 ] - [ INFO ]  点击登录按钮：
[2018-04-16 10:08:04]  [ main:10180 ] - [ DEBUG ]  未找到注册按钮：验证是否进入成功
[2018-04-16 10:09:14]  [ main:0 ] - [ INFO ]  输入用户名：15000345819
[2018-04-16 10:09:15]  [ main:97 ] - [ INFO ]  输入密码：a521yulan
[2018-04-16 10:09:19]  [ main:4814 ] - [ INFO ]  点击登录按钮：
[2018-04-16 10:09:24]  [ main:9902 ] - [ DEBUG ]  未找到注册按钮：验证是否进入成功
[2018-04-16 10:10:02]  [ main:0 ] - [ INFO ]  输入用户名：15000345819
[2018-04-16 10:10:02]  [ main:89 ] - [ INFO ]  输入密码：a521yulan
[2018-04-16 10:10:07]  [ main:4877 ] - [ INFO ]  点击登录按钮：
[2018-04-16 10:10:12]  [ main:9939 ] - [ DEBUG ]  未找到注册按钮：验证是否进入成功
