2018-04-11 12:07:20  [ main:0 ] - [ DEBUG ]  this is debug
2018-04-11 12:07:20  [ main:5 ] - [ INFO ]  this is info
2018-04-11 12:07:20  [ main:5 ] - [ WARN ]  this is warning
2018-04-11 12:07:20  [ main:6 ] - [ ERROR ]  this is error
2018-04-11 12:08:21  [ main:0 ] - [ DEBUG ]  this is debug
2018-04-11 12:08:21  [ main:4 ] - [ INFO ]  this is info
2018-04-11 12:08:21  [ main:4 ] - [ WARN ]  this is warning
2018-04-11 12:08:21  [ main:5 ] - [ ERROR ]  this is error
2018-04-11 12:08:33  [ main:0 ] - [ DEBUG ]  this is debug
2018-04-11 12:08:33  [ main:5 ] - [ INFO ]  this is info
2018-04-11 12:08:33  [ main:5 ] - [ WARN ]  this is warning
2018-04-11 12:08:33  [ main:5 ] - [ ERROR ]  this is error
2018-04-11 12:09:07  [ main:0 ] - [ DEBUG ]  this is debug
2018-04-11 12:09:07  [ main:6 ] - [ INFO ]  this is info
2018-04-11 12:09:07  [ main:7 ] - [ WARN ]  this is warning
2018-04-11 12:09:07  [ main:7 ] - [ ERROR ]  this is error
[2018-04-11 12:10:05]  [ main:0 ] - [ DEBUG ]  this is debug
[2018-04-11 12:10:05]  [ main:5 ] - [ INFO ]  this is info
[2018-04-11 12:10:05]  [ main:5 ] - [ WARN ]  this is warning
[2018-04-11 12:10:05]  [ main:5 ] - [ ERROR ]  this is error
[2018-04-11 12:42:30]  [ main:0 ] - [ DEBUG ]  this is debug
[2018-04-11 12:42:30]  [ main:4 ] - [ INFO ]  this is info
[2018-04-11 12:42:30]  [ main:4 ] - [ WARN ]  this is warning
[2018-04-11 12:42:30]  [ main:5 ] - [ ERROR ]  this is error
[2018-04-11 12:43:11]  [ main:0 ] - [ DEBUG ]  this is debug
[2018-04-11 12:43:11]  [ main:5 ] - [ INFO ]  this is info
[2018-04-11 12:43:11]  [ main:5 ] - [ WARN ]  this is warning
[2018-04-11 12:43:11]  [ main:5 ] - [ ERROR ]  this is error
[2018-04-11 12:44:04]  [ main:0 ] - [ DEBUG ]  this is debug
[2018-04-11 12:44:04]  [ main:4 ] - [ INFO ]  this is info
[2018-04-11 12:44:04]  [ main:4 ] - [ WARN ]  this is warning
[2018-04-11 12:44:35]  [ main:0 ] - [ DEBUG ]  this is debug
[2018-04-11 12:44:35]  [ main:4 ] - [ INFO ]  this is info
[2018-04-11 12:44:35]  [ main:5 ] - [ WARN ]  this is warning
[2018-04-11 12:44:35]  [ main:5 ] - [ ERROR ]  this is error
[2018-04-11 12:51:40]  [ main:0 ] - [ DEBUG ]  this is debug
[2018-04-11 12:51:40]  [ main:5 ] - [ INFO ]  this is info
[2018-04-11 12:51:40]  [ main:5 ] - [ WARN ]  this is warning
[2018-04-11 12:51:40]  [ main:5 ] - [ ERROR ]  [31 +message+[m
[2018-04-11 12:52:01]  [ main:0 ] - [ DEBUG ]  this is debug
[2018-04-11 12:52:01]  [ main:5 ] - [ INFO ]  this is info
[2018-04-11 12:52:01]  [ main:5 ] - [ WARN ]  this is warning
[2018-04-11 12:52:01]  [ main:5 ] - [ ERROR ]  [31 +message+[m
[2018-04-11 12:52:55]  [ main:0 ] - [ DEBUG ]  this is debug
[2018-04-11 12:52:55]  [ main:5 ] - [ INFO ]  this is info
[2018-04-11 12:52:55]  [ main:5 ] - [ WARN ]  this is warning
[2018-04-11 12:52:55]  [ main:5 ] - [ ERROR ]  [31 +message+[m
[2018-04-11 12:53:08]  [ main:0 ] - [ DEBUG ]  this is debug
[2018-04-11 12:53:08]  [ main:5 ] - [ INFO ]  this is info
[2018-04-11 12:53:08]  [ main:6 ] - [ WARN ]  this is warning
[2018-04-11 12:53:08]  [ main:6 ] - [ ERROR ]  [31 +message+[m
[2018-04-11 12:53:11]  [ main:0 ] - [ DEBUG ]  this is debug
[2018-04-11 12:53:11]  [ main:5 ] - [ INFO ]  this is info
[2018-04-11 12:53:11]  [ main:5 ] - [ WARN ]  this is warning
[2018-04-11 12:53:11]  [ main:5 ] - [ ERROR ]  [31 +message+[m
[2018-04-11 12:54:07]  [ main:0 ] - [ DEBUG ]  this is debug
[2018-04-11 12:54:07]  [ main:7 ] - [ INFO ]  this is info
[2018-04-11 12:54:07]  [ main:7 ] - [ WARN ]  this is warning
[2018-04-11 12:54:07]  [ main:8 ] - [ ERROR ]  [31 +message+[m
[2018-04-11 12:55:50]  [ main:0 ] - [ DEBUG ]  this is debug
[2018-04-11 12:55:50]  [ main:5 ] - [ INFO ]  this is info
[2018-04-11 12:55:50]  [ main:5 ] - [ WARN ]  this is warning
[2018-04-11 12:55:50]  [ main:5 ] - [ ERROR ]  [31 +message+[m
[2018-04-11 13:00:13]  [ main:0 ] - [ DEBUG ]  this is debug
[2018-04-11 13:00:13]  [ main:4 ] - [ INFO ]  this is info
[2018-04-11 13:00:13]  [ main:4 ] - [ WARN ]  this is warning
[2018-04-11 13:00:13]  [ main:5 ] - [ ERROR ]  [31 +message+[m
[2018-04-11 13:00:19]  [ main:0 ] - [ DEBUG ]  this is debug
[2018-04-11 13:00:19]  [ main:4 ] - [ INFO ]  this is info
[2018-04-11 13:00:19]  [ main:4 ] - [ WARN ]  this is warning
[2018-04-11 13:00:19]  [ main:4 ] - [ ERROR ]  [31 +message+[m
[2018-04-11 13:01:35]  [ main:0 ] - [ DEBUG ]  this is debug
[2018-04-11 13:01:35]  [ main:5 ] - [ INFO ]  this is info
[2018-04-11 13:01:35]  [ main:5 ] - [ WARN ]  this is warning
[2018-04-11 13:01:35]  [ main:5 ] - [ ERROR ]  this is error
[2018-04-11 13:01:51]  [ main:0 ] - [ DEBUG ]  this is debug
[2018-04-11 13:01:51]  [ main:5 ] - [ INFO ]  this is info
[2018-04-11 13:01:51]  [ main:5 ] - [ WARN ]  this is warning
[2018-04-11 13:01:51]  [ main:5 ] - [ ERROR ]  this is error
[2018-04-11 13:03:11]  [ main:0 ] - [ DEBUG ]  this is debug
[2018-04-11 13:03:11]  [ main:5 ] - [ INFO ]  this is info
[2018-04-11 13:03:11]  [ main:5 ] - [ WARN ]  this is warning
[2018-04-11 13:03:11]  [ main:6 ] - [ ERROR ]  this is error
[2018-04-11 13:07:43]  [ main:0 ] - [ INFO ]  页面存在当前元素：By.id: txtUser
[2018-04-11 13:07:43]  [ main:100 ] - [ INFO ]  输入用户名：1234
[2018-04-11 13:07:43]  [ main:109 ] - [ INFO ]  页面存在当前元素：By.id: txtUser
[2018-04-11 13:07:44]  [ main:190 ] - [ INFO ]  输入密码：124qwe
[2018-04-11 13:07:44]  [ main:1066 ] - [ INFO ]  点击登录按钮：
[2018-04-11 13:07:44]  [ main:1067 ] - [ DEBUG ]  未找到注册按钮：验证是否进入成功
[2018-04-11 13:07:50]  [ main:6808 ] - [ DEBUG ]  查看错误截图：
[2018-04-11 13:07:55]  [ main:11831 ] - [ INFO ]  页面存在当前元素：By.id: txtUser
[2018-04-11 13:07:55]  [ main:11957 ] - [ INFO ]  输入用户名：qazxsw321@
[2018-04-11 13:07:55]  [ main:11968 ] - [ INFO ]  页面存在当前元素：By.id: txtUser
[2018-04-11 13:07:55]  [ main:12066 ] - [ INFO ]  输入密码：123
[2018-04-11 13:07:56]  [ main:12857 ] - [ INFO ]  点击登录按钮：
[2018-04-11 13:07:56]  [ main:12857 ] - [ DEBUG ]  未找到注册按钮：验证是否进入成功
[2018-04-11 13:08:02]  [ main:18429 ] - [ DEBUG ]  查看错误截图：
[2018-04-11 13:08:07]  [ main:23439 ] - [ INFO ]  页面存在当前元素：By.id: txtUser
[2018-04-11 13:08:07]  [ main:23515 ] - [ INFO ]  输入用户名：111
[2018-04-11 13:08:07]  [ main:23525 ] - [ INFO ]  页面存在当前元素：By.id: txtUser
[2018-04-11 13:08:07]  [ main:23597 ] - [ INFO ]  输入密码：333
[2018-04-11 13:08:08]  [ main:24176 ] - [ INFO ]  点击登录按钮：
[2018-04-11 13:08:08]  [ main:24177 ] - [ DEBUG ]  未找到注册按钮：验证是否进入成功
[2018-04-11 13:08:13]  [ main:29778 ] - [ DEBUG ]  查看错误截图：
[2018-04-11 13:08:18]  [ main:34811 ] - [ INFO ]  页面存在当前元素：By.id: txtUser
[2018-04-11 13:08:18]  [ main:34897 ] - [ INFO ]  输入用户名：2222
[2018-04-11 13:08:18]  [ main:34908 ] - [ INFO ]  页面存在当前元素：By.id: txtUser
[2018-04-11 13:08:18]  [ main:34976 ] - [ INFO ]  输入密码：rrr
[2018-04-11 13:08:19]  [ main:35720 ] - [ INFO ]  点击登录按钮：
[2018-04-11 13:08:19]  [ main:35721 ] - [ DEBUG ]  未找到注册按钮：验证是否进入成功
[2018-04-11 13:08:25]  [ main:41283 ] - [ DEBUG ]  查看错误截图：
[2018-04-11 13:08:30]  [ main:46311 ] - [ INFO ]  页面存在当前元素：By.id: txtUser
[2018-04-11 13:08:30]  [ main:46387 ] - [ INFO ]  输入用户名：qq
[2018-04-11 13:08:30]  [ main:46395 ] - [ INFO ]  页面存在当前元素：By.id: txtUser
[2018-04-11 13:08:30]  [ main:46478 ] - [ INFO ]  输入密码：444
[2018-04-11 13:08:30]  [ main:46743 ] - [ INFO ]  点击登录按钮：
[2018-04-11 13:08:30]  [ main:46743 ] - [ DEBUG ]  未找到注册按钮：验证是否进入成功
[2018-04-11 13:08:36]  [ main:52274 ] - [ DEBUG ]  查看错误截图：
[2018-04-11 13:08:41]  [ main:57304 ] - [ INFO ]  页面存在当前元素：By.id: txtUser
[2018-04-11 13:08:41]  [ main:57375 ] - [ INFO ]  输入用户名：dd
[2018-04-11 13:08:41]  [ main:57385 ] - [ INFO ]  页面存在当前元素：By.id: txtUser
[2018-04-11 13:08:41]  [ main:57458 ] - [ INFO ]  输入密码：aa
[2018-04-11 13:08:41]  [ main:57790 ] - [ INFO ]  点击登录按钮：
[2018-04-11 13:08:41]  [ main:57791 ] - [ DEBUG ]  未找到注册按钮：验证是否进入成功
[2018-04-11 13:08:47]  [ main:63297 ] - [ DEBUG ]  查看错误截图：
[2018-04-11 13:08:52]  [ main:68320 ] - [ INFO ]  页面存在当前元素：By.id: txtUser
[2018-04-11 13:08:52]  [ main:68452 ] - [ INFO ]  输入用户名：15000345819
[2018-04-11 13:08:52]  [ main:68459 ] - [ INFO ]  页面存在当前元素：By.id: txtUser
[2018-04-11 13:08:52]  [ main:68554 ] - [ INFO ]  输入密码：a521yulan
[2018-04-11 13:08:57]  [ main:73476 ] - [ INFO ]  点击登录按钮：
[2018-04-11 13:08:57]  [ main:73477 ] - [ DEBUG ]  未找到注册按钮：验证是否进入成功
[2018-04-11 13:08:57]  [ main:73491 ] - [ INFO ]  页面存在当前元素：By.xpath: //a[contains(text(),'150****5819@139.com')]
[2018-04-11 13:10:07]  [ main:0 ] - [ INFO ]  页面存在当前元素：By.id: txtUser
[2018-04-11 13:10:07]  [ main:97 ] - [ INFO ]  输入用户名：1234
[2018-04-11 13:10:07]  [ main:109 ] - [ INFO ]  页面存在当前元素：By.id: txtUser
[2018-04-11 13:10:07]  [ main:186 ] - [ INFO ]  输入密码：124qwe
[2018-04-11 13:10:08]  [ main:1071 ] - [ INFO ]  点击登录按钮：
[2018-04-11 13:10:08]  [ main:1072 ] - [ DEBUG ]  未找到注册按钮：验证是否进入成功
[2018-04-11 13:10:14]  [ main:6739 ] - [ DEBUG ]  查看错误截图：
[2018-04-11 13:10:19]  [ main:11766 ] - [ INFO ]  页面存在当前元素：By.id: txtUser
[2018-04-11 13:10:19]  [ main:11859 ] - [ INFO ]  输入用户名：qazxsw321@
[2018-04-11 13:10:19]  [ main:11870 ] - [ INFO ]  页面存在当前元素：By.id: txtUser
[2018-04-11 13:10:19]  [ main:11947 ] - [ INFO ]  输入密码：123
[2018-04-11 13:10:19]  [ main:12373 ] - [ INFO ]  点击登录按钮：
[2018-04-11 13:10:19]  [ main:12374 ] - [ DEBUG ]  未找到注册按钮：验证是否进入成功
[2018-04-11 13:10:25]  [ main:17954 ] - [ DEBUG ]  查看错误截图：
[2018-04-11 13:10:30]  [ main:22982 ] - [ INFO ]  页面存在当前元素：By.id: txtUser
[2018-04-11 13:10:30]  [ main:23064 ] - [ INFO ]  输入用户名：111
[2018-04-11 13:10:30]  [ main:23075 ] - [ INFO ]  页面存在当前元素：By.id: txtUser
[2018-04-11 13:10:30]  [ main:23149 ] - [ INFO ]  输入密码：333
[2018-04-11 13:10:31]  [ main:23683 ] - [ INFO ]  点击登录按钮：
[2018-04-11 13:10:31]  [ main:23683 ] - [ DEBUG ]  未找到注册按钮：验证是否进入成功
[2018-04-11 13:10:36]  [ main:29252 ] - [ DEBUG ]  查看错误截图：
[2018-04-11 13:10:41]  [ main:34266 ] - [ INFO ]  页面存在当前元素：By.id: txtUser
[2018-04-11 13:10:41]  [ main:34353 ] - [ INFO ]  输入用户名：2222
[2018-04-11 13:10:41]  [ main:34361 ] - [ INFO ]  页面存在当前元素：By.id: txtUser
[2018-04-11 13:10:42]  [ main:34434 ] - [ INFO ]  输入密码：rrr
[2018-04-11 13:10:42]  [ main:34904 ] - [ INFO ]  点击登录按钮：
[2018-04-11 13:10:42]  [ main:34904 ] - [ DEBUG ]  未找到注册按钮：验证是否进入成功
[2018-04-11 13:10:48]  [ main:40511 ] - [ DEBUG ]  查看错误截图：
[2018-04-11 13:10:53]  [ main:45535 ] - [ INFO ]  页面存在当前元素：By.id: txtUser
[2018-04-11 13:10:53]  [ main:45620 ] - [ INFO ]  输入用户名：qq
[2018-04-11 13:10:53]  [ main:45631 ] - [ INFO ]  页面存在当前元素：By.id: txtUser
[2018-04-11 13:10:53]  [ main:45704 ] - [ INFO ]  输入密码：444
[2018-04-11 13:10:53]  [ main:45932 ] - [ INFO ]  点击登录按钮：
[2018-04-11 13:10:53]  [ main:45933 ] - [ DEBUG ]  未找到注册按钮：验证是否进入成功
[2018-04-11 13:10:59]  [ main:51500 ] - [ DEBUG ]  查看错误截图：
[2018-04-11 13:11:04]  [ main:56533 ] - [ INFO ]  页面存在当前元素：By.id: txtUser
[2018-04-11 13:11:04]  [ main:56611 ] - [ INFO ]  输入用户名：dd
[2018-04-11 13:11:04]  [ main:56620 ] - [ INFO ]  页面存在当前元素：By.id: txtUser
[2018-04-11 13:11:04]  [ main:56692 ] - [ INFO ]  输入密码：aa
[2018-04-11 13:11:04]  [ main:57145 ] - [ INFO ]  点击登录按钮：
[2018-04-11 13:11:04]  [ main:57145 ] - [ DEBUG ]  未找到注册按钮：验证是否进入成功
[2018-04-11 13:11:10]  [ main:62700 ] - [ DEBUG ]  查看错误截图：
[2018-04-11 13:11:15]  [ main:67710 ] - [ INFO ]  页面存在当前元素：By.id: txtUser
[2018-04-11 13:11:15]  [ main:67802 ] - [ INFO ]  输入用户名：15000345819
[2018-04-11 13:11:15]  [ main:67811 ] - [ INFO ]  页面存在当前元素：By.id: txtUser
[2018-04-11 13:11:15]  [ main:67889 ] - [ INFO ]  输入密码：a521yulan
[2018-04-11 13:11:20]  [ main:73147 ] - [ INFO ]  点击登录按钮：
[2018-04-11 13:11:20]  [ main:73147 ] - [ DEBUG ]  未找到注册按钮：验证是否进入成功
[2018-04-11 13:11:20]  [ main:73167 ] - [ INFO ]  页面存在当前元素：By.xpath: //a[contains(text(),'150****5819@139.com')]
[2018-04-11 13:11:32]  [ main:0 ] - [ INFO ]  页面存在当前元素：By.id: txtUser
[2018-04-11 13:11:32]  [ main:88 ] - [ INFO ]  输入用户名：1234
[2018-04-11 13:11:32]  [ main:99 ] - [ INFO ]  页面存在当前元素：By.id: txtUser
[2018-04-11 13:11:32]  [ main:185 ] - [ INFO ]  输入密码：124qwe
[2018-04-11 13:11:33]  [ main:1147 ] - [ INFO ]  点击登录按钮：
[2018-04-11 13:11:33]  [ main:1148 ] - [ DEBUG ]  未找到注册按钮：验证是否进入成功
[2018-04-11 13:11:39]  [ main:6753 ] - [ DEBUG ]  查看错误截图：
[2018-04-11 13:11:44]  [ main:11789 ] - [ INFO ]  页面存在当前元素：By.id: txtUser
[2018-04-11 13:11:44]  [ main:11886 ] - [ INFO ]  输入用户名：qazxsw321@
[2018-04-11 13:11:44]  [ main:11896 ] - [ INFO ]  页面存在当前元素：By.id: txtUser
[2018-04-11 13:11:44]  [ main:11965 ] - [ INFO ]  输入密码：123
[2018-04-11 13:11:44]  [ main:12462 ] - [ INFO ]  点击登录按钮：
[2018-04-11 13:11:44]  [ main:12462 ] - [ DEBUG ]  未找到注册按钮：验证是否进入成功
[2018-04-11 13:11:50]  [ main:18016 ] - [ DEBUG ]  查看错误截图：
[2018-04-11 13:11:55]  [ main:23048 ] - [ INFO ]  页面存在当前元素：By.id: txtUser
[2018-04-11 13:11:55]  [ main:23146 ] - [ INFO ]  输入用户名：111
[2018-04-11 13:11:55]  [ main:23154 ] - [ INFO ]  页面存在当前元素：By.id: txtUser
[2018-04-11 13:11:55]  [ main:23230 ] - [ INFO ]  输入密码：333
[2018-04-11 13:11:56]  [ main:24368 ] - [ INFO ]  点击登录按钮：
[2018-04-11 13:11:56]  [ main:24368 ] - [ DEBUG ]  未找到注册按钮：验证是否进入成功
[2018-04-11 13:12:02]  [ main:29880 ] - [ DEBUG ]  查看错误截图：
[2018-04-11 13:12:07]  [ main:34892 ] - [ INFO ]  页面存在当前元素：By.id: txtUser
[2018-04-11 13:12:07]  [ main:34971 ] - [ INFO ]  输入用户名：2222
[2018-04-11 13:12:07]  [ main:34980 ] - [ INFO ]  页面存在当前元素：By.id: txtUser
[2018-04-11 13:12:07]  [ main:35053 ] - [ INFO ]  输入密码：rrr
[2018-04-11 13:12:08]  [ main:36572 ] - [ INFO ]  点击登录按钮：
[2018-04-11 13:12:08]  [ main:36572 ] - [ DEBUG ]  未找到注册按钮：验证是否进入成功
[2018-04-11 13:12:14]  [ main:42165 ] - [ DEBUG ]  查看错误截图：
[2018-04-11 13:12:19]  [ main:47187 ] - [ INFO ]  页面存在当前元素：By.id: txtUser
[2018-04-11 13:12:19]  [ main:47285 ] - [ INFO ]  输入用户名：qq
[2018-04-11 13:12:19]  [ main:47293 ] - [ INFO ]  页面存在当前元素：By.id: txtUser
[2018-04-11 13:12:19]  [ main:47370 ] - [ INFO ]  输入密码：444
[2018-04-11 13:12:19]  [ main:47586 ] - [ INFO ]  点击登录按钮：
[2018-04-11 13:12:19]  [ main:47586 ] - [ DEBUG ]  未找到注册按钮：验证是否进入成功
[2018-04-11 13:12:25]  [ main:53173 ] - [ DEBUG ]  查看错误截图：
[2018-04-11 13:12:30]  [ main:58204 ] - [ INFO ]  页面存在当前元素：By.id: txtUser
[2018-04-11 13:12:30]  [ main:58303 ] - [ INFO ]  输入用户名：dd
[2018-04-11 13:12:30]  [ main:58314 ] - [ INFO ]  页面存在当前元素：By.id: txtUser
[2018-04-11 13:12:30]  [ main:58379 ] - [ INFO ]  输入密码：aa
[2018-04-11 13:12:31]  [ main:58995 ] - [ INFO ]  点击登录按钮：
[2018-04-11 13:12:31]  [ main:58996 ] - [ DEBUG ]  未找到注册按钮：验证是否进入成功
[2018-04-11 13:12:36]  [ main:64581 ] - [ DEBUG ]  查看错误截图：
[2018-04-11 13:12:47]  [ main:0 ] - [ INFO ]  页面存在当前元素：By.id: txtUser
[2018-04-11 13:12:47]  [ main:90 ] - [ INFO ]  输入用户名：1234
[2018-04-11 13:12:47]  [ main:99 ] - [ INFO ]  页面存在当前元素：By.id: txtUser
[2018-04-11 13:12:47]  [ main:184 ] - [ INFO ]  输入密码：124qwe
[2018-04-11 13:12:49]  [ main:77606 ] - [ DEBUG ]  查看错误截图：
[2018-04-11 13:12:49]  [ main:77607 ] - [ WARN ]  未找到页面元素-用户名: logpageele-user_idtxtUser
[2018-04-11 13:12:52]  [ main:4446 ] - [ INFO ]  点击登录按钮：
[2018-04-11 13:12:52]  [ main:4448 ] - [ DEBUG ]  未找到注册按钮：验证是否进入成功
[2018-04-11 13:12:57]  [ main:10072 ] - [ DEBUG ]  查看错误截图：
[2018-04-11 13:13:02]  [ main:15110 ] - [ INFO ]  页面存在当前元素：By.id: txtUser
[2018-04-11 13:13:02]  [ main:15209 ] - [ INFO ]  输入用户名：qazxsw321@
[2018-04-11 13:13:02]  [ main:15218 ] - [ INFO ]  页面存在当前元素：By.id: txtUser
[2018-04-11 13:13:02]  [ main:15296 ] - [ INFO ]  输入密码：123
[2018-04-11 13:13:03]  [ main:15753 ] - [ INFO ]  点击登录按钮：
[2018-04-11 13:13:03]  [ main:15753 ] - [ DEBUG ]  未找到注册按钮：验证是否进入成功
[2018-04-11 13:13:08]  [ main:21334 ] - [ DEBUG ]  查看错误截图：
[2018-04-11 13:13:14]  [ main:26355 ] - [ INFO ]  页面存在当前元素：By.id: txtUser
[2018-04-11 13:13:14]  [ main:26437 ] - [ INFO ]  输入用户名：111
[2018-04-11 13:13:14]  [ main:26445 ] - [ INFO ]  页面存在当前元素：By.id: txtUser
[2018-04-11 13:13:14]  [ main:26515 ] - [ INFO ]  输入密码：333
[2018-04-11 13:13:14]  [ main:26973 ] - [ INFO ]  点击登录按钮：
[2018-04-11 13:13:14]  [ main:26973 ] - [ DEBUG ]  未找到注册按钮：验证是否进入成功
[2018-04-11 13:13:20]  [ main:32529 ] - [ DEBUG ]  查看错误截图：
[2018-04-11 13:13:25]  [ main:37541 ] - [ INFO ]  页面存在当前元素：By.id: txtUser
[2018-04-11 13:13:25]  [ main:37620 ] - [ INFO ]  输入用户名：2222
[2018-04-11 13:13:25]  [ main:37630 ] - [ INFO ]  页面存在当前元素：By.id: txtUser
[2018-04-11 13:13:25]  [ main:37703 ] - [ INFO ]  输入密码：rrr
[2018-04-11 13:13:26]  [ main:38982 ] - [ INFO ]  点击登录按钮：
[2018-04-11 13:13:26]  [ main:38982 ] - [ DEBUG ]  未找到注册按钮：验证是否进入成功
[2018-04-11 13:13:32]  [ main:44542 ] - [ DEBUG ]  查看错误截图：
[2018-04-11 13:13:37]  [ main:49557 ] - [ INFO ]  页面存在当前元素：By.id: txtUser
[2018-04-11 13:13:37]  [ main:49628 ] - [ INFO ]  输入用户名：qq
[2018-04-11 13:13:37]  [ main:49636 ] - [ INFO ]  页面存在当前元素：By.id: txtUser
[2018-04-11 13:13:37]  [ main:49712 ] - [ INFO ]  输入密码：444
[2018-04-11 13:13:37]  [ main:49957 ] - [ INFO ]  点击登录按钮：
[2018-04-11 13:13:37]  [ main:49957 ] - [ DEBUG ]  未找到注册按钮：验证是否进入成功
[2018-04-11 13:13:43]  [ main:55508 ] - [ DEBUG ]  查看错误截图：
[2018-04-11 13:13:48]  [ main:60530 ] - [ INFO ]  页面存在当前元素：By.id: txtUser
[2018-04-11 13:13:48]  [ main:60606 ] - [ INFO ]  输入用户名：dd
[2018-04-11 13:13:48]  [ main:60614 ] - [ INFO ]  页面存在当前元素：By.id: txtUser
[2018-04-11 13:13:48]  [ main:60687 ] - [ INFO ]  输入密码：aa
[2018-04-11 13:13:48]  [ main:61213 ] - [ INFO ]  点击登录按钮：
[2018-04-11 13:13:48]  [ main:61213 ] - [ DEBUG ]  未找到注册按钮：验证是否进入成功
[2018-04-11 13:13:54]  [ main:66739 ] - [ DEBUG ]  查看错误截图：
[2018-04-11 13:13:59]  [ main:71764 ] - [ INFO ]  页面存在当前元素：By.id: txtUser
[2018-04-11 13:13:59]  [ main:71862 ] - [ INFO ]  输入用户名：15000345819
[2018-04-11 13:13:59]  [ main:71871 ] - [ INFO ]  页面存在当前元素：By.id: txtUser
[2018-04-11 13:13:59]  [ main:71948 ] - [ INFO ]  输入密码：a521yulan
[2018-04-11 13:14:00]  [ main:72474 ] - [ INFO ]  点击登录按钮：
[2018-04-11 13:14:00]  [ main:72474 ] - [ DEBUG ]  未找到注册按钮：验证是否进入成功
[2018-04-11 13:14:05]  [ main:77822 ] - [ DEBUG ]  查看错误截图：
[2018-04-11 13:14:38]  [ main:0 ] - [ INFO ]  页面存在当前元素：By.id: txtUser
[2018-04-11 13:14:39]  [ main:89 ] - [ INFO ]  输入用户名：1234
[2018-04-11 13:14:39]  [ main:97 ] - [ INFO ]  页面存在当前元素：By.id: txtUser
[2018-04-11 13:14:39]  [ main:181 ] - [ INFO ]  输入密码：124qwe
[2018-04-11 13:14:40]  [ main:1087 ] - [ INFO ]  点击登录按钮：
[2018-04-11 13:14:40]  [ main:1088 ] - [ DEBUG ]  未找到注册按钮：验证是否进入成功
[2018-04-11 13:14:45]  [ main:6773 ] - [ DEBUG ]  查看错误截图：
[2018-04-11 13:14:50]  [ main:11790 ] - [ INFO ]  页面存在当前元素：By.id: txtUser
[2018-04-11 13:14:50]  [ main:11893 ] - [ INFO ]  输入用户名：qazxsw321@
[2018-04-11 13:14:50]  [ main:11901 ] - [ INFO ]  页面存在当前元素：By.id: txtUser
[2018-04-11 13:14:50]  [ main:11972 ] - [ INFO ]  输入密码：123
[2018-04-11 13:14:51]  [ main:12438 ] - [ INFO ]  点击登录按钮：
[2018-04-11 13:14:51]  [ main:12439 ] - [ DEBUG ]  未找到注册按钮：验证是否进入成功
[2018-04-11 13:14:57]  [ main:18066 ] - [ DEBUG ]  查看错误截图：
[2018-04-11 13:15:02]  [ main:23091 ] - [ INFO ]  页面存在当前元素：By.id: txtUser
[2018-04-11 13:15:02]  [ main:23183 ] - [ INFO ]  输入用户名：111
[2018-04-11 13:15:02]  [ main:23193 ] - [ INFO ]  页面存在当前元素：By.id: txtUser
[2018-04-11 13:15:02]  [ main:23261 ] - [ INFO ]  输入密码：333
[2018-04-11 13:15:02]  [ main:23787 ] - [ INFO ]  点击登录按钮：
[2018-04-11 13:15:02]  [ main:23787 ] - [ DEBUG ]  未找到注册按钮：验证是否进入成功
[2018-04-11 13:15:08]  [ main:29318 ] - [ DEBUG ]  查看错误截图：
[2018-04-11 13:15:13]  [ main:34338 ] - [ INFO ]  页面存在当前元素：By.id: txtUser
[2018-04-11 13:15:13]  [ main:34423 ] - [ INFO ]  输入用户名：2222
[2018-04-11 13:15:13]  [ main:34433 ] - [ INFO ]  页面存在当前元素：By.id: txtUser
[2018-04-11 13:15:13]  [ main:34502 ] - [ INFO ]  输入密码：rrr
[2018-04-11 13:15:13]  [ main:34985 ] - [ INFO ]  点击登录按钮：
[2018-04-11 13:15:13]  [ main:34986 ] - [ DEBUG ]  未找到注册按钮：验证是否进入成功
[2018-04-11 13:15:19]  [ main:40556 ] - [ DEBUG ]  查看错误截图：
[2018-04-11 13:15:24]  [ main:45584 ] - [ INFO ]  页面存在当前元素：By.id: txtUser
[2018-04-11 13:15:24]  [ main:45655 ] - [ INFO ]  输入用户名：qq
[2018-04-11 13:15:24]  [ main:45664 ] - [ INFO ]  页面存在当前元素：By.id: txtUser
[2018-04-11 13:15:24]  [ main:45736 ] - [ INFO ]  输入密码：444
[2018-04-11 13:15:25]  [ main:46333 ] - [ INFO ]  点击登录按钮：
[2018-04-11 13:15:25]  [ main:46334 ] - [ DEBUG ]  未找到注册按钮：验证是否进入成功
[2018-04-11 13:15:30]  [ main:51947 ] - [ DEBUG ]  查看错误截图：
[2018-04-11 13:15:35]  [ main:56963 ] - [ INFO ]  页面存在当前元素：By.id: txtUser
[2018-04-11 13:15:36]  [ main:57081 ] - [ INFO ]  输入用户名：dd
[2018-04-11 13:15:36]  [ main:57091 ] - [ INFO ]  页面存在当前元素：By.id: txtUser
[2018-04-11 13:15:36]  [ main:57189 ] - [ INFO ]  输入密码：aa
[2018-04-11 13:15:38]  [ main:59637 ] - [ INFO ]  点击登录按钮：
[2018-04-11 13:15:38]  [ main:59637 ] - [ DEBUG ]  未找到注册按钮：验证是否进入成功
[2018-04-11 13:15:42]  [ main:0 ] - [ INFO ]  页面存在当前元素：By.id: txtUser
[2018-04-11 13:15:42]  [ main:110 ] - [ INFO ]  输入用户名：1234
[2018-04-11 13:15:42]  [ main:120 ] - [ INFO ]  页面存在当前元素：By.id: txtUser
[2018-04-11 13:15:42]  [ main:204 ] - [ INFO ]  输入密码：124qwe
[2018-04-11 13:15:43]  [ main:1081 ] - [ INFO ]  点击登录按钮：
[2018-04-11 13:15:43]  [ main:1082 ] - [ DEBUG ]  未找到注册按钮：验证是否进入成功
[2018-04-11 13:15:46]  [ main:67657 ] - [ DEBUG ]  查看错误截图：
[2018-04-11 13:15:49]  [ main:6754 ] - [ DEBUG ]  查看错误截图：
[2018-04-11 13:15:54]  [ main:11784 ] - [ INFO ]  页面存在当前元素：By.id: txtUser
[2018-04-11 13:15:54]  [ main:11882 ] - [ INFO ]  输入用户名：qazxsw321@
[2018-04-11 13:15:54]  [ main:11891 ] - [ INFO ]  页面存在当前元素：By.id: txtUser
[2018-04-11 13:15:54]  [ main:11966 ] - [ INFO ]  输入密码：123
[2018-04-11 13:15:54]  [ main:12344 ] - [ INFO ]  点击登录按钮：
[2018-04-11 13:15:54]  [ main:12344 ] - [ DEBUG ]  未找到注册按钮：验证是否进入成功
[2018-04-11 13:15:59]  [ main:80684 ] - [ DEBUG ]  查看错误截图：
[2018-04-11 13:16:00]  [ main:17858 ] - [ DEBUG ]  查看错误截图：
[2018-04-11 13:16:05]  [ main:22885 ] - [ INFO ]  页面存在当前元素：By.id: txtUser
[2018-04-11 13:16:05]  [ main:22978 ] - [ INFO ]  输入用户名：111
[2018-04-11 13:16:05]  [ main:22987 ] - [ INFO ]  页面存在当前元素：By.id: txtUser
[2018-04-11 13:16:05]  [ main:23052 ] - [ INFO ]  输入密码：333
[2018-04-11 13:16:06]  [ main:23819 ] - [ INFO ]  点击登录按钮：
[2018-04-11 13:16:06]  [ main:23820 ] - [ DEBUG ]  未找到注册按钮：验证是否进入成功
[2018-04-11 13:16:11]  [ main:29342 ] - [ DEBUG ]  查看错误截图：
[2018-04-11 13:16:16]  [ main:34362 ] - [ INFO ]  页面存在当前元素：By.id: txtUser
[2018-04-11 13:16:16]  [ main:34446 ] - [ INFO ]  输入用户名：2222
[2018-04-11 13:16:16]  [ main:34454 ] - [ INFO ]  页面存在当前元素：By.id: txtUser
[2018-04-11 13:16:16]  [ main:34528 ] - [ INFO ]  输入密码：rrr
[2018-04-11 13:16:17]  [ main:35108 ] - [ INFO ]  点击登录按钮：
[2018-04-11 13:16:17]  [ main:35108 ] - [ DEBUG ]  未找到注册按钮：验证是否进入成功
[2018-04-11 13:16:22]  [ main:40666 ] - [ DEBUG ]  查看错误截图：
[2018-04-11 13:16:27]  [ main:45701 ] - [ INFO ]  页面存在当前元素：By.id: txtUser
[2018-04-11 13:16:28]  [ main:45779 ] - [ INFO ]  输入用户名：qq
[2018-04-11 13:16:28]  [ main:45790 ] - [ INFO ]  页面存在当前元素：By.id: txtUser
[2018-04-11 13:16:28]  [ main:45864 ] - [ INFO ]  输入密码：444
[2018-04-11 13:16:28]  [ main:46329 ] - [ INFO ]  点击登录按钮：
[2018-04-11 13:16:28]  [ main:46329 ] - [ DEBUG ]  未找到注册按钮：验证是否进入成功
[2018-04-11 13:16:34]  [ main:51921 ] - [ DEBUG ]  查看错误截图：
[2018-04-11 13:16:42]  [ main:1 ] - [ INFO ]  页面存在当前元素：By.id: txtUser
[2018-04-11 13:16:42]  [ main:86 ] - [ INFO ]  输入用户名：1234
[2018-04-11 13:16:42]  [ main:99 ] - [ INFO ]  页面存在当前元素：By.id: txtUser
[2018-04-11 13:16:42]  [ main:188 ] - [ INFO ]  输入密码：124qwe
[2018-04-11 13:16:43]  [ main:1178 ] - [ INFO ]  点击登录按钮：
[2018-04-11 13:16:43]  [ main:1179 ] - [ DEBUG ]  未找到注册按钮：验证是否进入成功
[2018-04-11 13:16:47]  [ main:64949 ] - [ DEBUG ]  查看错误截图：
[2018-04-11 13:16:47]  [ main:64950 ] - [ ERROR ]  未找到页面元素-用户名: logpageele-user_idtxtUser
[2018-04-11 13:16:49]  [ main:6851 ] - [ DEBUG ]  查看错误截图：
[2018-04-11 13:16:54]  [ main:11875 ] - [ INFO ]  页面存在当前元素：By.id: txtUser
[2018-04-11 13:16:54]  [ main:12015 ] - [ INFO ]  输入用户名：qazxsw321@
[2018-04-11 13:16:54]  [ main:12032 ] - [ INFO ]  页面存在当前元素：By.id: txtUser
[2018-04-11 13:16:54]  [ main:12142 ] - [ INFO ]  输入密码：123
[2018-04-11 13:16:54]  [ main:12645 ] - [ INFO ]  点击登录按钮：
[2018-04-11 13:16:54]  [ main:12645 ] - [ DEBUG ]  未找到注册按钮：验证是否进入成功
[2018-04-11 13:17:00]  [ main:18192 ] - [ DEBUG ]  查看错误截图：
[2018-04-11 13:17:05]  [ main:23235 ] - [ INFO ]  页面存在当前元素：By.id: txtUser
[2018-04-11 13:17:05]  [ main:23321 ] - [ INFO ]  输入用户名：111
[2018-04-11 13:17:05]  [ main:23330 ] - [ INFO ]  页面存在当前元素：By.id: txtUser
[2018-04-11 13:17:05]  [ main:23401 ] - [ INFO ]  输入密码：333
[2018-04-11 13:17:06]  [ main:23844 ] - [ INFO ]  点击登录按钮：
[2018-04-11 13:17:06]  [ main:23844 ] - [ DEBUG ]  未找到注册按钮：验证是否进入成功
[2018-04-11 13:17:11]  [ main:29509 ] - [ DEBUG ]  查看错误截图：
[2018-04-11 13:17:16]  [ main:34519 ] - [ INFO ]  页面存在当前元素：By.id: txtUser
[2018-04-11 13:17:16]  [ main:34596 ] - [ INFO ]  输入用户名：2222
[2018-04-11 13:17:16]  [ main:34606 ] - [ INFO ]  页面存在当前元素：By.id: txtUser
[2018-04-11 13:17:16]  [ main:34673 ] - [ INFO ]  输入密码：rrr
[2018-04-11 13:17:20]  [ main:38295 ] - [ INFO ]  点击登录按钮：
[2018-04-11 13:17:20]  [ main:38295 ] - [ DEBUG ]  未找到注册按钮：验证是否进入成功
[2018-04-11 13:17:26]  [ main:43808 ] - [ DEBUG ]  查看错误截图：
[2018-04-11 13:17:31]  [ main:48825 ] - [ INFO ]  页面存在当前元素：By.id: txtUser
[2018-04-11 13:17:31]  [ main:48898 ] - [ INFO ]  输入用户名：qq
[2018-04-11 13:17:31]  [ main:48906 ] - [ INFO ]  页面存在当前元素：By.id: txtUser
[2018-04-11 13:17:31]  [ main:48983 ] - [ INFO ]  输入密码：444
[2018-04-11 13:17:31]  [ main:49446 ] - [ INFO ]  点击登录按钮：
[2018-04-11 13:17:31]  [ main:49446 ] - [ DEBUG ]  未找到注册按钮：验证是否进入成功
[2018-04-11 13:17:37]  [ main:54996 ] - [ DEBUG ]  查看错误截图：
[2018-04-11 13:17:42]  [ main:60007 ] - [ INFO ]  页面存在当前元素：By.id: txtUser
[2018-04-11 13:17:42]  [ main:60081 ] - [ INFO ]  输入用户名：dd
[2018-04-11 13:17:42]  [ main:60089 ] - [ INFO ]  页面存在当前元素：By.id: txtUser
[2018-04-11 13:17:42]  [ main:60164 ] - [ INFO ]  输入密码：aa
[2018-04-11 13:17:42]  [ main:60702 ] - [ INFO ]  点击登录按钮：
[2018-04-11 13:17:42]  [ main:60702 ] - [ DEBUG ]  未找到注册按钮：验证是否进入成功
[2018-04-11 13:17:48]  [ main:66234 ] - [ DEBUG ]  查看错误截图：
[2018-04-11 13:17:53]  [ main:71247 ] - [ INFO ]  页面存在当前元素：By.id: txtUser
[2018-04-11 13:17:53]  [ main:71356 ] - [ INFO ]  输入用户名：15000345819
[2018-04-11 13:17:53]  [ main:71364 ] - [ INFO ]  页面存在当前元素：By.id: txtUser
[2018-04-11 13:17:53]  [ main:71442 ] - [ INFO ]  输入密码：a521yulan
[2018-04-11 13:18:02]  [ main:80303 ] - [ INFO ]  点击登录按钮：
[2018-04-11 13:18:02]  [ main:80304 ] - [ DEBUG ]  未找到注册按钮：验证是否进入成功
[2018-04-11 13:18:02]  [ main:80325 ] - [ INFO ]  页面存在当前元素：By.xpath: //a[contains(text(),'150****5819@139.com')]
[2018-04-11 13:20:10]  [ main:0 ] - [ INFO ]  当前页面存在元素：By.id: txtUser
[2018-04-11 13:20:10]  [ main:88 ] - [ INFO ]  输入用户名：1234
[2018-04-11 13:20:10]  [ main:99 ] - [ INFO ]  当前页面存在元素：By.id: txtUser
[2018-04-11 13:20:10]  [ main:180 ] - [ INFO ]  输入密码：124qwe
[2018-04-11 13:20:18]  [ main:7801 ] - [ INFO ]  点击登录按钮：
[2018-04-11 13:20:18]  [ main:7803 ] - [ DEBUG ]  未找到注册按钮：验证是否进入成功
[2018-04-11 13:20:23]  [ main:13258 ] - [ DEBUG ]  查看错误截图：
[2018-04-11 13:20:28]  [ main:18269 ] - [ INFO ]  当前页面存在元素：By.id: txtUser
[2018-04-11 13:20:28]  [ main:18369 ] - [ INFO ]  输入用户名：qazxsw321@
[2018-04-11 13:20:28]  [ main:18381 ] - [ INFO ]  当前页面存在元素：By.id: txtUser
[2018-04-11 13:20:28]  [ main:18456 ] - [ INFO ]  输入密码：123
[2018-04-11 13:20:29]  [ main:18975 ] - [ INFO ]  点击登录按钮：
[2018-04-11 13:20:29]  [ main:18975 ] - [ DEBUG ]  未找到注册按钮：验证是否进入成功
[2018-04-11 13:20:34]  [ main:24544 ] - [ DEBUG ]  查看错误截图：
[2018-04-11 13:20:40]  [ main:29564 ] - [ INFO ]  当前页面存在元素：By.id: txtUser
[2018-04-11 13:20:40]  [ main:29638 ] - [ INFO ]  输入用户名：111
[2018-04-11 13:20:40]  [ main:29647 ] - [ INFO ]  当前页面存在元素：By.id: txtUser
[2018-04-11 13:20:40]  [ main:29723 ] - [ INFO ]  输入密码：333
[2018-04-11 13:20:40]  [ main:30223 ] - [ INFO ]  点击登录按钮：
[2018-04-11 13:20:40]  [ main:30224 ] - [ DEBUG ]  未找到注册按钮：验证是否进入成功
[2018-04-11 13:20:46]  [ main:35765 ] - [ DEBUG ]  查看错误截图：
[2018-04-11 13:20:51]  [ main:40780 ] - [ INFO ]  当前页面存在元素：By.id: txtUser
[2018-04-11 13:20:51]  [ main:40858 ] - [ INFO ]  输入用户名：2222
[2018-04-11 13:20:51]  [ main:40867 ] - [ INFO ]  当前页面存在元素：By.id: txtUser
[2018-04-11 13:20:51]  [ main:40951 ] - [ INFO ]  输入密码：rrr
[2018-04-11 13:20:51]  [ main:41510 ] - [ INFO ]  点击登录按钮：
[2018-04-11 13:20:51]  [ main:41510 ] - [ DEBUG ]  未找到注册按钮：验证是否进入成功
[2018-04-11 13:20:57]  [ main:47045 ] - [ DEBUG ]  查看错误截图：
[2018-04-11 13:21:02]  [ main:52057 ] - [ INFO ]  当前页面存在元素：By.id: txtUser
[2018-04-11 13:21:02]  [ main:52126 ] - [ INFO ]  输入用户名：qq
[2018-04-11 13:21:02]  [ main:52136 ] - [ INFO ]  当前页面存在元素：By.id: txtUser
[2018-04-11 13:21:02]  [ main:52203 ] - [ INFO ]  输入密码：444
[2018-04-11 13:21:02]  [ main:52420 ] - [ INFO ]  点击登录按钮：
[2018-04-11 13:21:02]  [ main:52420 ] - [ DEBUG ]  未找到注册按钮：验证是否进入成功
[2018-04-11 13:21:08]  [ main:57929 ] - [ DEBUG ]  查看错误截图：
[2018-04-11 13:21:13]  [ main:62949 ] - [ INFO ]  当前页面存在元素：By.id: txtUser
[2018-04-11 13:21:13]  [ main:63017 ] - [ INFO ]  输入用户名：dd
[2018-04-11 13:21:13]  [ main:63027 ] - [ INFO ]  当前页面存在元素：By.id: txtUser
[2018-04-11 13:21:13]  [ main:63089 ] - [ INFO ]  输入密码：aa
[2018-04-11 13:21:13]  [ main:63417 ] - [ INFO ]  点击登录按钮：
[2018-04-11 13:21:13]  [ main:63417 ] - [ DEBUG ]  未找到注册按钮：验证是否进入成功
[2018-04-11 13:21:19]  [ main:68897 ] - [ DEBUG ]  查看错误截图：
[2018-04-11 13:21:24]  [ main:73917 ] - [ INFO ]  当前页面存在元素：By.id: txtUser
[2018-04-11 13:21:24]  [ main:74008 ] - [ INFO ]  输入用户名：15000345819
[2018-04-11 13:21:24]  [ main:74017 ] - [ INFO ]  当前页面存在元素：By.id: txtUser
[2018-04-11 13:21:24]  [ main:74103 ] - [ INFO ]  输入密码：a521yulan
[2018-04-11 13:21:29]  [ main:79044 ] - [ INFO ]  点击登录按钮：
[2018-04-11 13:21:29]  [ main:79044 ] - [ DEBUG ]  未找到注册按钮：验证是否进入成功
[2018-04-11 13:21:29]  [ main:79063 ] - [ INFO ]  当前页面存在元素：By.xpath: //a[contains(text(),'150****5819@139.com')]
[2018-04-11 13:22:42]  [ main:0 ] - [ INFO ]  当前页面存在元素：By.id: txtUser
[2018-04-11 13:22:42]  [ main:123 ] - [ INFO ]  输入用户名：1234
[2018-04-11 13:22:42]  [ main:135 ] - [ INFO ]  当前页面存在元素：By.id: txtUser
[2018-04-11 13:22:42]  [ main:244 ] - [ INFO ]  输入密码：124qwe
[2018-04-11 13:22:43]  [ main:1003 ] - [ INFO ]  点击登录按钮：
[2018-04-11 13:22:43]  [ main:1004 ] - [ DEBUG ]  未找到注册按钮：验证是否进入成功
[2018-04-11 13:22:48]  [ main:6647 ] - [ DEBUG ]  查看错误截图：
[2018-04-11 13:22:53]  [ main:11672 ] - [ INFO ]  当前页面存在元素：By.id: txtUser
[2018-04-11 13:22:53]  [ main:11777 ] - [ INFO ]  输入用户名：qazxsw321@
[2018-04-11 13:22:53]  [ main:11785 ] - [ INFO ]  当前页面存在元素：By.id: txtUser
[2018-04-11 13:22:53]  [ main:11850 ] - [ INFO ]  输入密码：123
[2018-04-11 13:22:54]  [ main:12308 ] - [ INFO ]  点击登录按钮：
[2018-04-11 13:22:54]  [ main:12308 ] - [ DEBUG ]  未找到注册按钮：验证是否进入成功
[2018-04-11 13:23:00]  [ main:17969 ] - [ DEBUG ]  查看错误截图：
[2018-04-11 13:23:05]  [ main:22980 ] - [ INFO ]  当前页面存在元素：By.id: txtUser
[2018-04-11 13:23:05]  [ main:23051 ] - [ INFO ]  输入用户名：111
[2018-04-11 13:23:05]  [ main:23060 ] - [ INFO ]  当前页面存在元素：By.id: txtUser
[2018-04-11 13:23:05]  [ main:23129 ] - [ INFO ]  输入密码：333
[2018-04-11 13:23:05]  [ main:23661 ] - [ INFO ]  点击登录按钮：
[2018-04-11 13:23:05]  [ main:23662 ] - [ DEBUG ]  未找到注册按钮：验证是否进入成功
[2018-04-11 13:23:11]  [ main:29157 ] - [ DEBUG ]  查看错误截图：
[2018-04-11 13:23:16]  [ main:34174 ] - [ INFO ]  当前页面存在元素：By.id: txtUser
[2018-04-11 13:23:16]  [ main:34250 ] - [ INFO ]  输入用户名：2222
[2018-04-11 13:23:16]  [ main:34258 ] - [ INFO ]  当前页面存在元素：By.id: txtUser
[2018-04-11 13:23:16]  [ main:34333 ] - [ INFO ]  输入密码：rrr
[2018-04-11 13:23:16]  [ main:34776 ] - [ INFO ]  点击登录按钮：
[2018-04-11 13:23:16]  [ main:34777 ] - [ DEBUG ]  未找到注册按钮：验证是否进入成功
[2018-04-11 13:23:22]  [ main:40284 ] - [ DEBUG ]  查看错误截图：
[2018-04-11 13:23:27]  [ main:45296 ] - [ INFO ]  当前页面存在元素：By.id: txtUser
[2018-04-11 13:23:27]  [ main:45364 ] - [ INFO ]  输入用户名：qq
[2018-04-11 13:23:27]  [ main:45371 ] - [ INFO ]  当前页面存在元素：By.id: txtUser
[2018-04-11 13:23:27]  [ main:45441 ] - [ INFO ]  输入密码：444
[2018-04-11 13:23:32]  [ main:50687 ] - [ INFO ]  点击登录按钮：
[2018-04-11 13:23:32]  [ main:50687 ] - [ DEBUG ]  未找到注册按钮：验证是否进入成功
[2018-04-11 13:23:38]  [ main:56401 ] - [ DEBUG ]  查看错误截图：
[2018-04-11 13:23:43]  [ main:61418 ] - [ INFO ]  当前页面存在元素：By.id: txtUser
[2018-04-11 13:23:43]  [ main:61492 ] - [ INFO ]  输入用户名：dd
[2018-04-11 13:23:43]  [ main:61502 ] - [ INFO ]  当前页面存在元素：By.id: txtUser
[2018-04-11 13:23:43]  [ main:61581 ] - [ INFO ]  输入密码：aa
[2018-04-11 13:23:44]  [ main:62014 ] - [ INFO ]  点击登录按钮：
[2018-04-11 13:23:44]  [ main:62014 ] - [ DEBUG ]  未找到注册按钮：验证是否进入成功
[2018-04-11 13:23:49]  [ main:67514 ] - [ DEBUG ]  查看错误截图：
[2018-04-11 13:23:54]  [ main:72531 ] - [ INFO ]  当前页面存在元素：By.id: txtUser
[2018-04-11 13:23:54]  [ main:72628 ] - [ INFO ]  输入用户名：15000345819
[2018-04-11 13:23:54]  [ main:72638 ] - [ INFO ]  当前页面存在元素：By.id: txtUser
[2018-04-11 13:23:54]  [ main:72723 ] - [ INFO ]  输入密码：a521yulan
[2018-04-11 13:23:59]  [ main:77656 ] - [ INFO ]  点击登录按钮：
[2018-04-11 13:23:59]  [ main:77656 ] - [ DEBUG ]  未找到注册按钮：验证是否进入成功
[2018-04-11 13:23:59]  [ main:77677 ] - [ INFO ]  当前页面存在元素：By.xpath: //a[contains(text(),'150****5819@139.com')]
[2018-04-11 13:24:58]  [ main:0 ] - [ INFO ]  当前页面存在元素：By.id: txtUser
[2018-04-11 13:24:58]  [ main:111 ] - [ INFO ]  输入用户名：1234
[2018-04-11 13:24:58]  [ main:119 ] - [ INFO ]  当前页面存在元素：By.id: txtUser
[2018-04-11 13:24:58]  [ main:202 ] - [ INFO ]  输入密码：124qwe
[2018-04-11 13:24:59]  [ main:977 ] - [ INFO ]  点击登录按钮：
[2018-04-11 13:24:59]  [ main:978 ] - [ DEBUG ]  未找到注册按钮：验证是否进入成功
[2018-04-11 13:25:04]  [ main:6637 ] - [ DEBUG ]  查看错误截图：
[2018-04-11 13:25:09]  [ main:11676 ] - [ INFO ]  当前页面存在元素：By.id: txtUser
[2018-04-11 13:25:09]  [ main:11775 ] - [ INFO ]  输入用户名：qazxsw321@
[2018-04-11 13:25:09]  [ main:11783 ] - [ INFO ]  当前页面存在元素：By.id: txtUser
[2018-04-11 13:25:09]  [ main:11853 ] - [ INFO ]  输入密码：123
[2018-04-11 13:25:10]  [ main:12572 ] - [ INFO ]  点击登录按钮：
[2018-04-11 13:25:10]  [ main:12572 ] - [ DEBUG ]  未找到注册按钮：验证是否进入成功
[2018-04-11 13:25:16]  [ main:18142 ] - [ DEBUG ]  查看错误截图：
[2018-04-11 13:25:21]  [ main:23155 ] - [ INFO ]  当前页面存在元素：By.id: txtUser
[2018-04-11 13:25:21]  [ main:23227 ] - [ INFO ]  输入用户名：111
[2018-04-11 13:25:21]  [ main:23235 ] - [ INFO ]  当前页面存在元素：By.id: txtUser
[2018-04-11 13:25:21]  [ main:23303 ] - [ INFO ]  输入密码：333
[2018-04-11 13:25:22]  [ main:23956 ] - [ INFO ]  点击登录按钮：
[2018-04-11 13:25:22]  [ main:23956 ] - [ DEBUG ]  未找到注册按钮：验证是否进入成功
[2018-04-11 13:25:27]  [ main:29474 ] - [ DEBUG ]  查看错误截图：
[2018-04-11 13:25:32]  [ main:34495 ] - [ INFO ]  当前页面存在元素：By.id: txtUser
[2018-04-11 13:25:32]  [ main:34581 ] - [ INFO ]  输入用户名：2222
[2018-04-11 13:25:32]  [ main:34589 ] - [ INFO ]  当前页面存在元素：By.id: txtUser
[2018-04-11 13:25:32]  [ main:34653 ] - [ INFO ]  输入密码：rrr
[2018-04-11 13:25:33]  [ main:35069 ] - [ INFO ]  点击登录按钮：
[2018-04-11 13:25:33]  [ main:35069 ] - [ DEBUG ]  未找到注册按钮：验证是否进入成功
[2018-04-11 13:25:38]  [ main:40560 ] - [ DEBUG ]  查看错误截图：
[2018-04-11 13:25:43]  [ main:45600 ] - [ INFO ]  当前页面存在元素：By.id: txtUser
[2018-04-11 13:25:43]  [ main:45671 ] - [ INFO ]  输入用户名：qq
[2018-04-11 13:25:43]  [ main:45679 ] - [ INFO ]  当前页面存在元素：By.id: txtUser
[2018-04-11 13:25:43]  [ main:45753 ] - [ INFO ]  输入密码：444
[2018-04-11 13:25:44]  [ main:45961 ] - [ INFO ]  点击登录按钮：
[2018-04-11 13:25:44]  [ main:45961 ] - [ DEBUG ]  未找到注册按钮：验证是否进入成功
[2018-04-11 13:25:49]  [ main:51475 ] - [ DEBUG ]  查看错误截图：
[2018-04-11 13:25:54]  [ main:56489 ] - [ INFO ]  当前页面存在元素：By.id: txtUser
[2018-04-11 13:25:54]  [ main:56579 ] - [ INFO ]  输入用户名：dd
[2018-04-11 13:25:54]  [ main:56589 ] - [ INFO ]  当前页面存在元素：By.id: txtUser
[2018-04-11 13:25:54]  [ main:56673 ] - [ INFO ]  输入密码：aa
[2018-04-11 13:25:55]  [ main:57186 ] - [ INFO ]  点击登录按钮：
[2018-04-11 13:25:55]  [ main:57186 ] - [ DEBUG ]  未找到注册按钮：验证是否进入成功
[2018-04-11 13:26:00]  [ main:62751 ] - [ DEBUG ]  查看错误截图：
[2018-04-11 13:26:05]  [ main:67777 ] - [ INFO ]  当前页面存在元素：By.id: txtUser
[2018-04-11 13:26:06]  [ main:67921 ] - [ INFO ]  输入用户名：15000345819
[2018-04-11 13:26:06]  [ main:67932 ] - [ INFO ]  当前页面存在元素：By.id: txtUser
[2018-04-11 13:26:06]  [ main:68020 ] - [ INFO ]  输入密码：a521yulan
[2018-04-11 13:26:21]  [ main:83127 ] - [ INFO ]  点击登录按钮：
[2018-04-11 13:26:21]  [ main:83127 ] - [ DEBUG ]  未找到注册按钮：验证是否进入成功
[2018-04-11 13:26:21]  [ main:83152 ] - [ INFO ]  当前页面存在元素：By.xpath: //a[contains(text(),'150****5819@139.com')]
[2018-04-11 13:29:27]  [ main:0 ] - [ INFO ]  当前页面存在元素：By.id: txtUser
[2018-04-11 13:29:27]  [ main:83 ] - [ INFO ]  输入用户名：1234
[2018-04-11 13:29:27]  [ main:93 ] - [ INFO ]  当前页面存在元素：By.id: txtUser
[2018-04-11 13:29:27]  [ main:168 ] - [ INFO ]  输入密码：124qwe
[2018-04-11 13:29:28]  [ main:948 ] - [ INFO ]  点击登录按钮：
[2018-04-11 13:29:28]  [ main:949 ] - [ DEBUG ]  未找到注册按钮：验证是否进入成功
[2018-04-11 13:29:34]  [ main:6540 ] - [ DEBUG ]  查看错误截图：
[2018-04-11 13:29:39]  [ main:11577 ] - [ INFO ]  当前页面存在元素：By.id: txtUser
[2018-04-11 13:29:39]  [ main:11693 ] - [ INFO ]  输入用户名：qazxsw321@
[2018-04-11 13:29:39]  [ main:11703 ] - [ INFO ]  当前页面存在元素：By.id: txtUser
[2018-04-11 13:29:39]  [ main:11774 ] - [ INFO ]  输入密码：123
[2018-04-11 13:29:40]  [ main:12272 ] - [ INFO ]  点击登录按钮：
[2018-04-11 13:29:40]  [ main:12272 ] - [ DEBUG ]  未找到注册按钮：验证是否进入成功
[2018-04-11 13:29:45]  [ main:17874 ] - [ DEBUG ]  查看错误截图：
[2018-04-11 13:29:50]  [ main:22885 ] - [ INFO ]  当前页面存在元素：By.id: txtUser
[2018-04-11 13:29:50]  [ main:22955 ] - [ INFO ]  输入用户名：111
[2018-04-11 13:29:50]  [ main:22964 ] - [ INFO ]  当前页面存在元素：By.id: txtUser
[2018-04-11 13:29:50]  [ main:23040 ] - [ INFO ]  输入密码：333
[2018-04-11 13:29:51]  [ main:23484 ] - [ INFO ]  点击登录按钮：
[2018-04-11 13:29:51]  [ main:23484 ] - [ DEBUG ]  未找到注册按钮：验证是否进入成功
[2018-04-11 13:29:56]  [ main:29028 ] - [ DEBUG ]  查看错误截图：
[2018-04-11 13:30:01]  [ main:34047 ] - [ INFO ]  当前页面存在元素：By.id: txtUser
[2018-04-11 13:30:01]  [ main:34150 ] - [ INFO ]  输入用户名：2222
[2018-04-11 13:30:01]  [ main:34158 ] - [ INFO ]  当前页面存在元素：By.id: txtUser
[2018-04-11 13:30:01]  [ main:34225 ] - [ INFO ]  输入密码：rrr
[2018-04-11 13:30:02]  [ main:34733 ] - [ INFO ]  点击登录按钮：
[2018-04-11 13:30:02]  [ main:34733 ] - [ DEBUG ]  未找到注册按钮：验证是否进入成功
[2018-04-11 13:30:07]  [ main:40260 ] - [ DEBUG ]  查看错误截图：
[2018-04-11 13:30:13]  [ main:45277 ] - [ INFO ]  当前页面存在元素：By.id: txtUser
[2018-04-11 13:30:13]  [ main:45345 ] - [ INFO ]  输入用户名：qq
[2018-04-11 13:30:13]  [ main:45353 ] - [ INFO ]  当前页面存在元素：By.id: txtUser
[2018-04-11 13:30:13]  [ main:45423 ] - [ INFO ]  输入密码：444
[2018-04-11 13:30:13]  [ main:45697 ] - [ INFO ]  点击登录按钮：
[2018-04-11 13:30:13]  [ main:45697 ] - [ DEBUG ]  未找到注册按钮：验证是否进入成功
[2018-04-11 13:30:18]  [ main:51233 ] - [ DEBUG ]  查看错误截图：
[2018-04-11 13:30:23]  [ main:56249 ] - [ INFO ]  当前页面存在元素：By.id: txtUser
[2018-04-11 13:30:24]  [ main:56365 ] - [ INFO ]  输入用户名：dd
[2018-04-11 13:30:24]  [ main:56374 ] - [ INFO ]  当前页面存在元素：By.id: txtUser
[2018-04-11 13:30:24]  [ main:56440 ] - [ INFO ]  输入密码：aa
[2018-04-11 13:30:24]  [ main:56883 ] - [ INFO ]  点击登录按钮：
[2018-04-11 13:30:24]  [ main:56883 ] - [ DEBUG ]  未找到注册按钮：验证是否进入成功
[2018-04-11 13:30:30]  [ main:62548 ] - [ DEBUG ]  查看错误截图：
[2018-04-11 13:30:35]  [ main:67560 ] - [ INFO ]  当前页面存在元素：By.id: txtUser
[2018-04-11 13:30:35]  [ main:67654 ] - [ INFO ]  输入用户名：15000345819
[2018-04-11 13:30:35]  [ main:67662 ] - [ INFO ]  当前页面存在元素：By.id: txtUser
[2018-04-11 13:30:35]  [ main:67738 ] - [ INFO ]  输入密码：a521yulan
[2018-04-11 13:30:40]  [ main:73119 ] - [ INFO ]  点击登录按钮：
[2018-04-11 13:30:40]  [ main:73119 ] - [ DEBUG ]  未找到注册按钮：验证是否进入成功
[2018-04-11 13:30:40]  [ main:73131 ] - [ INFO ]  当前页面存在元素：By.xpath: //a[contains(text(),'150****5819@139.com')]
